<?xml version="1.0" encoding="UTF-8"?>
<robot generator="Robot 6.1.1 (Python 3.12.1 on win32)" generated="20240104 23:38:20.162" rpa="false" schemaversion="4">
<suite id="s1" name="11449 auditoriaCIGO" source="c:\Users\LENOVO-EQP379\Desktop\Automação de Testes\Robot Framework\Udemy\exerciciosRobotFramework\Mão na Massa\4 -11449 1 Grafia Auditoria de Dados - Backoffice\testes\11449_auditoriaCIGO.robot">
<test id="s1-t1" name="Test Case 2 - 11449 Validar a Grafia Incorreta da Rotina Auditoria de Dados" line="16">
<kw name="Abrir o Navegador" library="auditoriaGIGO" type="SETUP">
<kw name="Open Browser" library="SeleniumLibrary">
<arg>browser=chrome</arg>
<doc>Opens a new browser instance to the optional ``url``.</doc>
<msg timestamp="20240104 23:38:20.489" level="INFO">Opening browser 'chrome' to base url 'None'.</msg>
<status status="PASS" starttime="20240104 23:38:20.488" endtime="20240104 23:38:22.377"/>
</kw>
<kw name="Maximize Browser Window" library="SeleniumLibrary">
<doc>Maximizes current browser window.</doc>
<status status="PASS" starttime="20240104 23:38:22.377" endtime="20240104 23:38:22.503"/>
</kw>
<status status="PASS" starttime="20240104 23:38:20.488" endtime="20240104 23:38:22.504"/>
</kw>
<kw name="Acessar sistema &quot;CIGO&quot; ERP com os dados corporação &quot;marcosabreu&quot;, email &quot;admin@marcosabreu.com.br&quot; e senha &quot;1234&quot;" library="auditoriaGIGO" sourcename="Acessar sistema &quot;CIGO&quot; ERP com os dados corporação &quot;${CORPORACAO}&quot;, email &quot;${EMAIL}&quot; e senha &quot;${SENHA}&quot;">
<kw name="Go To" library="SeleniumLibrary">
<arg>url=${URLDESENV}</arg>
<doc>Navigates the current browser window to the provided ``url``.</doc>
<msg timestamp="20240104 23:38:22.506" level="INFO">Opening url 'http://edesoftsa.dyndns.biz:2022/Account/Login'</msg>
<status status="PASS" starttime="20240104 23:38:22.506" endtime="20240104 23:38:27.669"/>
</kw>
<kw name="Wait Until Element Is Visible" library="SeleniumLibrary">
<arg>${VALIDALOGO}</arg>
<doc>Waits until the element ``locator`` is visible.</doc>
<status status="PASS" starttime="20240104 23:38:27.669" endtime="20240104 23:38:27.703"/>
</kw>
<kw name="Input Text" library="SeleniumLibrary">
<arg>locator=//input[contains(@id,'corp')]</arg>
<arg>text=${CORPORACAO}</arg>
<doc>Types the given ``text`` into the text field identified by ``locator``.</doc>
<msg timestamp="20240104 23:38:27.705" level="INFO">Typing text 'marcosabreu' into text field '//input[contains(@id,'corp')]'.</msg>
<status status="PASS" starttime="20240104 23:38:27.704" endtime="20240104 23:38:27.821"/>
</kw>
<kw name="Input Text" library="SeleniumLibrary">
<arg>locator=//input[contains(@id,'emailAddress')]</arg>
<arg>text=${EMAIL}</arg>
<doc>Types the given ``text`` into the text field identified by ``locator``.</doc>
<msg timestamp="20240104 23:38:27.823" level="INFO">Typing text 'admin@marcosabreu.com.br' into text field '//input[contains(@id,'emailAddress')]'.</msg>
<status status="PASS" starttime="20240104 23:38:27.822" endtime="20240104 23:38:27.937"/>
</kw>
<kw name="Input Password" library="SeleniumLibrary">
<arg>locator=//input[contains(@id,'password')]</arg>
<arg>password=${SENHA}</arg>
<doc>Types the given password into the text field identified by ``locator``.</doc>
<msg timestamp="20240104 23:38:27.938" level="INFO">Typing password into text field '//input[contains(@id,'password')]'.</msg>
<msg timestamp="20240104 23:38:27.977" level="INFO">Temporally setting log level to: NONE</msg>
<msg timestamp="20240104 23:38:28.024" level="INFO">Log level changed from NONE to INFO.</msg>
<status status="PASS" starttime="20240104 23:38:27.937" endtime="20240104 23:38:28.025"/>
</kw>
<status status="PASS" starttime="20240104 23:38:22.505" endtime="20240104 23:38:28.025"/>
</kw>
<kw name="Clicar no botão de Login e verificar se o Login foi realizado com sucesso" library="auditoriaGIGO">
<kw name="Click Button" library="SeleniumLibrary">
<arg>locator=${BUTTON_LOGIN}</arg>
<doc>Clicks the button identified by ``locator``.</doc>
<msg timestamp="20240104 23:38:28.028" level="INFO">Clicking button '//button[@type='submit'][contains(.,'Login')]'.</msg>
<status status="PASS" starttime="20240104 23:38:28.026" endtime="20240104 23:38:30.903"/>
</kw>
<kw name="Wait Until Element Is Visible" library="SeleniumLibrary">
<arg>locator=${HOMEPAGE}</arg>
<doc>Waits until the element ``locator`` is visible.</doc>
<status status="PASS" starttime="20240104 23:38:30.903" endtime="20240104 23:38:30.941"/>
</kw>
<kw name="Element Should Be Visible" library="SeleniumLibrary">
<arg>locator=${HOMEPAGE}</arg>
<doc>Verifies that the element identified by ``locator`` is visible.</doc>
<msg timestamp="20240104 23:38:30.963" level="INFO">Element '//h1[@class='page-header'][contains(.,'Home Page')]' is displayed.</msg>
<status status="PASS" starttime="20240104 23:38:30.941" endtime="20240104 23:38:30.963"/>
</kw>
<status status="PASS" starttime="20240104 23:38:28.026" endtime="20240104 23:38:30.964"/>
</kw>
<kw name="Acessar no menu Configurações =&gt; Auditoria de Dados" library="auditoriaGIGO">
<kw name="Scroll Element Into View" library="SeleniumLibrary">
<arg>locator=${MENU_AUDITORIA}</arg>
<doc>Scrolls the element identified by ``locator`` into view.</doc>
<status status="PASS" starttime="20240104 23:38:30.965" endtime="20240104 23:38:31.258"/>
</kw>
<kw name="Click Element" library="SeleniumLibrary">
<arg>locator=${MENU_AUDITORIA}</arg>
<doc>Click the element identified by ``locator``.</doc>
<msg timestamp="20240104 23:38:31.259" level="INFO">Clicking element '(//div[contains(@class,'menu-text')])[9]'.</msg>
<status status="PASS" starttime="20240104 23:38:31.258" endtime="20240104 23:38:31.327"/>
</kw>
<kw name="Wait Until Element Is Visible" library="SeleniumLibrary">
<arg>locator=${FILTROS}</arg>
<doc>Waits until the element ``locator`` is visible.</doc>
<status status="PASS" starttime="20240104 23:38:31.328" endtime="20240104 23:38:31.679"/>
</kw>
<status status="PASS" starttime="20240104 23:38:30.964" endtime="20240104 23:38:31.679"/>
</kw>
<kw name="O sistema não deve exibir na tela o Titulo escrito como &quot;Auditoria de modificações&quot;" library="auditoriaGIGO" sourcename="O sistema não deve exibir na tela o Titulo escrito como &quot;${GRAFIA_ERRADA}&quot;">
<kw name="Set Test Variable" library="BuiltIn">
<arg>${FALHA}</arg>
<arg>'TESTE FALHOU'</arg>
<doc>Makes a variable available everywhere within the scope of the current test.</doc>
<msg timestamp="20240104 23:38:31.683" level="INFO">${FALHA} = 'TESTE FALHOU'</msg>
<status status="PASS" starttime="20240104 23:38:31.681" endtime="20240104 23:38:31.683"/>
</kw>
<if>
<branch type="IF" condition="${DADOS} != ${GRAFIA_ERRADA}">
<kw>
<var>${FALHA}</var>
<status status="NOT RUN" starttime="20240104 23:38:31.684" endtime="20240104 23:38:31.684"/>
</kw>
<msg timestamp="20240104 23:38:31.684" level="FAIL">Invalid IF condition: Evaluating expression '//h1[@class='page-header'][contains(.,'Auditoria de dados Log de modificações em dados do sistema')] != Auditoria de modificações' failed: SyntaxError: invalid syntax (&lt;string&gt;, line 1)

Variables in the original expression '${DADOS} != ${GRAFIA_ERRADA}' were resolved before the expression was evaluated. Try using '$DADOS != $GRAFIA_ERRADA' syntax to avoid that. See Evaluating Expressions appendix in Robot Framework User Guide for more details.</msg>
<status status="FAIL" starttime="20240104 23:38:31.683" endtime="20240104 23:38:31.688"/>
</branch>
<status status="FAIL" starttime="20240104 23:38:31.683" endtime="20240104 23:38:31.689"/>
</if>
<status status="FAIL" starttime="20240104 23:38:31.680" endtime="20240104 23:38:31.689"/>
</kw>
<tag>auditarFail</tag>
<status status="FAIL" starttime="20240104 23:38:20.487" endtime="20240104 23:38:31.690">Invalid IF condition: Evaluating expression '//h1[@class='page-header'][contains(.,'Auditoria de dados Log de modificações em dados do sistema')] != Auditoria de modificações' failed: SyntaxError: invalid syntax (&lt;string&gt;, line 1)

Variables in the original expression '${DADOS} != ${GRAFIA_ERRADA}' were resolved before the expression was evaluated. Try using '$DADOS != $GRAFIA_ERRADA' syntax to avoid that. See Evaluating Expressions appendix in Robot Framework User Guide for more details.</status>
</test>
<doc>Esta suíte realiza o teste de verificação de grafia na rotina
Auditoria de Dados pois apresentava como esta como Auditoria de modificações</doc>
<status status="FAIL" starttime="20240104 23:38:20.169" endtime="20240104 23:38:31.694"/>
</suite>
<statistics>
<total>
<stat pass="0" fail="1" skip="0">All Tests</stat>
</total>
<tag>
<stat pass="0" fail="1" skip="0">auditarFail</stat>
</tag>
<suite>
<stat pass="0" fail="1" skip="0" id="s1" name="11449 auditoriaCIGO">11449 auditoriaCIGO</stat>
</suite>
</statistics>
<errors>
</errors>
</robot>
