<?xml version="1.0" encoding="UTF-8"?>
<robot generator="Robot 6.1.1 (Python 3.12.1 on win32)" generated="20240102 22:11:13.384" rpa="false" schemaversion="4">
<suite id="s1" name="Api Login" source="c:\Users\LENOVO-EQP379\Desktop\Automação de Testes\Robot Framework\Udemy\exerciciosRobotFramework\Exercícios  3, 4,5 e 6\Exercício 7\Tests\api_login.robot">
<test id="s1-t1" name="Cenário 01: Fazendo Login na ServeRest com sucesso" line="5">
<kw name="Criar um usuário novo" library="api_login">
<kw name="Generate Random String" library="String">
<var>${NOME}</var>
<arg>length=5</arg>
<arg>chars=[LETTERS]</arg>
<doc>Generates a string with a desired ``length`` from the given ``chars``.</doc>
<msg timestamp="20240102 22:11:13.691" level="INFO">${NOME} = OOncV</msg>
<status status="PASS" starttime="20240102 22:11:13.690" endtime="20240102 22:11:13.697"/>
</kw>
<kw name="Convert To Lower Case" library="String">
<var>${NOME}</var>
<arg>${NOME}</arg>
<doc>Converts string to lower case.</doc>
<msg timestamp="20240102 22:11:13.698" level="INFO">${NOME} = ooncv</msg>
<status status="PASS" starttime="20240102 22:11:13.697" endtime="20240102 22:11:13.698"/>
</kw>
<kw name="Set Test Variable" library="BuiltIn">
<arg>${EMAIL}</arg>
<arg>${NOME}@yahoo.com.br</arg>
<doc>Makes a variable available everywhere within the scope of the current test.</doc>
<msg timestamp="20240102 22:11:13.700" level="INFO">${EMAIL} = ooncv@yahoo.com.br</msg>
<status status="PASS" starttime="20240102 22:11:13.699" endtime="20240102 22:11:13.700"/>
</kw>
<kw name="Log To Console" library="BuiltIn">
<arg>${EMAIL}</arg>
<doc>Logs the given message to the console.</doc>
<status status="PASS" starttime="20240102 22:11:13.700" endtime="20240102 22:11:13.701"/>
</kw>
<status status="PASS" starttime="20240102 22:11:13.681" endtime="20240102 22:11:13.701"/>
</kw>
<kw name="Cadastrar o usuário criado na ServeRest" library="api_login">
<arg>${EMAIL}</arg>
<arg>status_code_desejado=201</arg>
<kw name="Create Dictionary" library="BuiltIn">
<var>${body}</var>
<arg>nome=Fulano da Silva</arg>
<arg>email=${EMAIL2}</arg>
<arg>password=1234@</arg>
<arg>administrador=true</arg>
<doc>Creates and returns a dictionary based on the given ``items``.</doc>
<msg timestamp="20240102 22:11:13.705" level="INFO">${body} = {'nome': 'Fulano da Silva', 'email': 'ooncv@yahoo.com.br', 'password': '1234@', 'administrador': 'true'}</msg>
<status status="PASS" starttime="20240102 22:11:13.703" endtime="20240102 22:11:13.705"/>
</kw>
<kw name="Criar Sessão na ServeRest" library="api_login">
<kw name="Create Dictionary" library="BuiltIn">
<var>${headers}</var>
<arg>accept=application/json</arg>
<arg>Content-Type=application/json</arg>
<doc>Creates and returns a dictionary based on the given ``items``.</doc>
<msg timestamp="20240102 22:11:13.705" level="INFO">${headers} = {'accept': 'application/json', 'Content-Type': 'application/json'}</msg>
<status status="PASS" starttime="20240102 22:11:13.705" endtime="20240102 22:11:13.705"/>
</kw>
<kw name="Create Session" library="RequestsLibrary">
<arg>alias=ServeRest</arg>
<arg>url=https://serverest.dev</arg>
<arg>headers=${headers}</arg>
<doc>Create Session: create a HTTP session to a server</doc>
<msg timestamp="20240102 22:11:13.705" level="INFO">Creating Session using : alias=ServeRest, url=https://serverest.dev, headers={'accept': 'application/json', 'Content-Type': 'application/json'},                     cookies={}, auth=None, timeout=None, proxies=None, verify=False,                     debug=0 </msg>
<status status="PASS" starttime="20240102 22:11:13.705" endtime="20240102 22:11:13.705"/>
</kw>
<status status="PASS" starttime="20240102 22:11:13.705" endtime="20240102 22:11:13.705"/>
</kw>
<kw name="POST On Session" library="RequestsLibrary">
<var>${response}</var>
<arg>alias=ServeRest</arg>
<arg>url=/usuarios</arg>
<arg>json=${body}</arg>
<arg>expected_status=${status_code_desejado}</arg>
<doc>Sends a POST request on a previously created HTTP Session.</doc>
<msg timestamp="20240102 22:11:14.080" level="INFO">POST Request : url=https://serverest.dev/usuarios 
 path_url=/usuarios 
 headers={'User-Agent': 'python-requests/2.31.0', 'Accept-Encoding': 'gzip, deflate', 'accept': 'application/json', 'Connection': 'keep-alive', 'Content-Type': 'application/json', 'Content-Length': '104'} 
 body=b'{"nome": "Fulano da Silva", "email": "ooncv@yahoo.com.br", "password": "1234@", "administrador": "true"}' 
 </msg>
<msg timestamp="20240102 22:11:14.080" level="INFO">POST Response : url=https://serverest.dev/usuarios 
 status=201, reason=Created 
 headers={'access-control-allow-origin': '*', 'x-dns-prefetch-control': 'off', 'x-frame-options': 'SAMEORIGIN', 'strict-transport-security': 'max-age=15552000; includeSubDomains', 'x-download-options': 'noopen', 'x-content-type-options': 'nosniff', 'x-xss-protection': '1; mode=block', 'content-type': 'application/json; charset=utf-8', 'X-Cloud-Trace-Context': '20f8f0aa35f0872a6cf03dac7aa5e947;o=1', 'Date': 'Wed, 03 Jan 2024 01:11:13 GMT', 'Server': 'Google Frontend', 'Content-Length': '82'} 
 body={
    "message": "Cadastro realizado com sucesso",
    "_id": "lcxQo9BuUfqiWh7B"
} 
 </msg>
<msg timestamp="20240102 22:11:14.080" level="INFO">C:\Users\LENOVO-EQP379\AppData\Local\Programs\Python\Python312\Lib\site-packages\urllib3\connectionpool.py:1099: InsecureRequestWarning: Unverified HTTPS request is being made to host 'serverest.dev'. Adding certificate verification is strongly advised. See: https://urllib3.readthedocs.io/en/latest/advanced-usage.html#tls-warnings
  warnings.warn(</msg>
<msg timestamp="20240102 22:11:14.080" level="INFO">${response} = &lt;Response [201]&gt;</msg>
<status status="PASS" starttime="20240102 22:11:13.705" endtime="20240102 22:11:14.080"/>
</kw>
<kw name="Log" library="BuiltIn">
<arg>${response.json()}</arg>
<doc>Logs the given message with the given level.</doc>
<msg timestamp="20240102 22:11:14.080" level="INFO">{'message': 'Cadastro realizado com sucesso', '_id': 'lcxQo9BuUfqiWh7B'}</msg>
<status status="PASS" starttime="20240102 22:11:14.080" endtime="20240102 22:11:14.080"/>
</kw>
<if>
<branch type="IF" condition="${response.status_code} == 201">
<kw name="Set Test Variable" library="BuiltIn">
<arg>${userId}</arg>
<arg>${response.json()["_id"]}</arg>
<doc>Makes a variable available everywhere within the scope of the current test.</doc>
<msg timestamp="20240102 22:11:14.080" level="INFO">${userId} = lcxQo9BuUfqiWh7B</msg>
<status status="PASS" starttime="20240102 22:11:14.080" endtime="20240102 22:11:14.080"/>
</kw>
<status status="PASS" starttime="20240102 22:11:14.080" endtime="20240102 22:11:14.080"/>
</branch>
<status status="PASS" starttime="20240102 22:11:14.080" endtime="20240102 22:11:14.080"/>
</if>
<kw name="Set Test Variable" library="BuiltIn">
<arg>${finalResponse}</arg>
<arg>${response.json()}</arg>
<doc>Makes a variable available everywhere within the scope of the current test.</doc>
<msg timestamp="20240102 22:11:14.080" level="INFO">${finalResponse} = {'message': 'Cadastro realizado com sucesso', '_id': 'lcxQo9BuUfqiWh7B'}</msg>
<status status="PASS" starttime="20240102 22:11:14.080" endtime="20240102 22:11:14.080"/>
</kw>
<status status="PASS" starttime="20240102 22:11:13.702" endtime="20240102 22:11:14.080"/>
</kw>
<kw name="Realizar Login com o usuário" library="api_login">
<kw name="Create Dictionary" library="BuiltIn">
<var>${body}</var>
<arg>email=${email}</arg>
<arg>password=1234@</arg>
<doc>Creates and returns a dictionary based on the given ``items``.</doc>
<msg timestamp="20240102 22:11:14.097" level="INFO">${body} = {'email': 'ooncv@yahoo.com.br', 'password': '1234@'}</msg>
<status status="PASS" starttime="20240102 22:11:14.097" endtime="20240102 22:11:14.097"/>
</kw>
<kw name="Criar Sessão na ServeRest" library="api_login">
<kw name="Create Dictionary" library="BuiltIn">
<var>${headers}</var>
<arg>accept=application/json</arg>
<arg>Content-Type=application/json</arg>
<doc>Creates and returns a dictionary based on the given ``items``.</doc>
<msg timestamp="20240102 22:11:14.097" level="INFO">${headers} = {'accept': 'application/json', 'Content-Type': 'application/json'}</msg>
<status status="PASS" starttime="20240102 22:11:14.097" endtime="20240102 22:11:14.097"/>
</kw>
<kw name="Create Session" library="RequestsLibrary">
<arg>alias=ServeRest</arg>
<arg>url=https://serverest.dev</arg>
<arg>headers=${headers}</arg>
<doc>Create Session: create a HTTP session to a server</doc>
<msg timestamp="20240102 22:11:14.097" level="INFO">Creating Session using : alias=ServeRest, url=https://serverest.dev, headers={'accept': 'application/json', 'Content-Type': 'application/json'},                     cookies={}, auth=None, timeout=None, proxies=None, verify=False,                     debug=0 </msg>
<status status="PASS" starttime="20240102 22:11:14.097" endtime="20240102 22:11:14.097"/>
</kw>
<status status="PASS" starttime="20240102 22:11:14.097" endtime="20240102 22:11:14.097"/>
</kw>
<kw name="POST On Session" library="RequestsLibrary">
<var>${response}</var>
<arg>alias=ServeRest</arg>
<arg>url=/Login</arg>
<arg>json=${body}</arg>
<doc>Sends a POST request on a previously created HTTP Session.</doc>
<msg timestamp="20240102 22:11:14.413" level="INFO">POST Request : url=https://serverest.dev/Login 
 path_url=/Login 
 headers={'User-Agent': 'python-requests/2.31.0', 'Accept-Encoding': 'gzip, deflate', 'accept': 'application/json', 'Connection': 'keep-alive', 'Content-Type': 'application/json', 'Content-Length': '52'} 
 body=b'{"email": "ooncv@yahoo.com.br", "password": "1234@"}' 
 </msg>
<msg timestamp="20240102 22:11:14.413" level="INFO">POST Response : url=https://serverest.dev/Login 
 status=200, reason=OK 
 headers={'access-control-allow-origin': '*', 'x-dns-prefetch-control': 'off', 'x-frame-options': 'SAMEORIGIN', 'strict-transport-security': 'max-age=15552000; includeSubDomains', 'x-download-options': 'noopen', 'x-content-type-options': 'nosniff', 'x-xss-protection': '1; mode=block', 'content-type': 'application/json; charset=utf-8', 'X-Cloud-Trace-Context': '3c592b4ec34c755a330f312a36c8b4f5', 'Date': 'Wed, 03 Jan 2024 01:11:13 GMT', 'Server': 'Google Frontend', 'Content-Length': '272'} 
 body={
    "message": "Login realizado com sucesso",
    "authorization": "Bearer eyJhbGciOiJIUzI1NiIsInR5cCI6IkpXVCJ9.eyJlbWFpbCI6Im9vbmN2QHlhaG9vLmNvbS5iciIsInBhc3N3b3JkIjoiMTIzNEAiLCJpYXQiOjE3MDQyNDQyNzMsImV4cCI6MTcwNDI0NDg3M30.wYQ8zL-q09hLEXbAjpA9eB3-XdDznLVEkQ088q-ljNM"
} 
 </msg>
<msg timestamp="20240102 22:11:14.413" level="INFO">C:\Users\LENOVO-EQP379\AppData\Local\Programs\Python\Python312\Lib\site-packages\urllib3\connectionpool.py:1099: InsecureRequestWarning: Unverified HTTPS request is being made to host 'serverest.dev'. Adding certificate verification is strongly advised. See: https://urllib3.readthedocs.io/en/latest/advanced-usage.html#tls-warnings
  warnings.warn(</msg>
<msg timestamp="20240102 22:11:14.413" level="INFO">${response} = &lt;Response [200]&gt;</msg>
<status status="PASS" starttime="20240102 22:11:14.097" endtime="20240102 22:11:14.413"/>
</kw>
<kw name="Log" library="BuiltIn">
<arg>${response.json()}</arg>
<doc>Logs the given message with the given level.</doc>
<msg timestamp="20240102 22:11:14.428" level="INFO">{'message': 'Login realizado com sucesso', 'authorization': 'Bearer eyJhbGciOiJIUzI1NiIsInR5cCI6IkpXVCJ9.eyJlbWFpbCI6Im9vbmN2QHlhaG9vLmNvbS5iciIsInBhc3N3b3JkIjoiMTIzNEAiLCJpYXQiOjE3MDQyNDQyNzMsImV4cCI6MTcwNDI0NDg3M30.wYQ8zL-q09hLEXbAjpA9eB3-XdDznLVEkQ088q-ljNM'}</msg>
<status status="PASS" starttime="20240102 22:11:14.413" endtime="20240102 22:11:14.429"/>
</kw>
<kw name="Set Test Variable" library="BuiltIn">
<arg>${statusLogin}</arg>
<arg>${response.json()}</arg>
<doc>Makes a variable available everywhere within the scope of the current test.</doc>
<msg timestamp="20240102 22:11:14.429" level="INFO">${statusLogin} = {'message': 'Login realizado com sucesso', 'authorization': 'Bearer eyJhbGciOiJIUzI1NiIsInR5cCI6IkpXVCJ9.eyJlbWFpbCI6Im9vbmN2QHlhaG9vLmNvbS5iciIsInBhc3N3b3JkIjoiMTIzNEAiLCJpYXQiOjE3MDQyNDQyNzMsImV4cCI...</msg>
<status status="PASS" starttime="20240102 22:11:14.429" endtime="20240102 22:11:14.429"/>
</kw>
<status status="PASS" starttime="20240102 22:11:14.095" endtime="20240102 22:11:14.429"/>
</kw>
<kw name="Conferir se o Login ocorreu com sucesso" library="api_login">
<kw name="Log" library="BuiltIn">
<arg>${statusLogin}</arg>
<doc>Logs the given message with the given level.</doc>
<msg timestamp="20240102 22:11:14.429" level="INFO">{'message': 'Login realizado com sucesso', 'authorization': 'Bearer eyJhbGciOiJIUzI1NiIsInR5cCI6IkpXVCJ9.eyJlbWFpbCI6Im9vbmN2QHlhaG9vLmNvbS5iciIsInBhc3N3b3JkIjoiMTIzNEAiLCJpYXQiOjE3MDQyNDQyNzMsImV4cCI6MTcwNDI0NDg3M30.wYQ8zL-q09hLEXbAjpA9eB3-XdDznLVEkQ088q-ljNM'}</msg>
<status status="PASS" starttime="20240102 22:11:14.429" endtime="20240102 22:11:14.429"/>
</kw>
<kw name="Dictionary Should Contain Item" library="Collections">
<arg>${statusLogin}</arg>
<arg>message</arg>
<arg>Login realizado com sucesso</arg>
<doc>An item of ``key`` / ``value`` must be found in a ``dictionary``.</doc>
<status status="PASS" starttime="20240102 22:11:14.429" endtime="20240102 22:11:14.429"/>
</kw>
<kw name="Dictionary Should Contain Key" library="Collections">
<arg>${statusLogin}</arg>
<arg>authorization</arg>
<doc>Fails if ``key`` is not found from ``dictionary``.</doc>
<status status="PASS" starttime="20240102 22:11:14.429" endtime="20240102 22:11:14.429"/>
</kw>
<status status="PASS" starttime="20240102 22:11:14.429" endtime="20240102 22:11:14.429"/>
</kw>
<status status="PASS" starttime="20240102 22:11:13.681" endtime="20240102 22:11:14.429"/>
</test>
<status status="PASS" starttime="20240102 22:11:13.384" endtime="20240102 22:11:14.429"/>
</suite>
<statistics>
<total>
<stat pass="1" fail="0" skip="0">All Tests</stat>
</total>
<tag>
</tag>
<suite>
<stat pass="1" fail="0" skip="0" id="s1" name="Api Login">Api Login</stat>
</suite>
</statistics>
<errors>
</errors>
</robot>
